#
# There is insufficient memory for the Java Runtime Environment to continue.
# Native memory allocation (malloc) failed to allocate 32744 bytes for ChunkPool::allocate
# Possible reasons:
#   The system is out of physical RAM or swap space
#   The process is running with CompressedOops enabled, and the Java Heap may be blocking the growth of the native heap
# Possible solutions:
#   Reduce memory load on the system
#   Increase physical memory or swap space
#   Check if swap backing store is full
#   Decrease Java heap size (-Xmx/-Xms)
#   Decrease number of Java threads
#   Decrease Java thread stack sizes (-Xss)
#   Set larger code cache with -XX:ReservedCodeCacheSize=
#   JVM is running with Zero Based Compressed Oops mode in which the Java heap is
#     placed in the first 32GB address space. The Java Heap base address is the
#     maximum limit for the native heap growth. Please use -XX:HeapBaseMinAddress
#     to set the Java Heap base and to place the Java Heap above 32GB virtual address.
# This output file may be truncated or incomplete.
#
#  Out of Memory Error (./open/src/hotspot/share/memory/arena.cpp:81), pid=17908, tid=26012
#
# JRE version: Java(TM) SE Runtime Environment 18.9 (11.0.16.1+1) (build 11.0.16.1+1-LTS-1)
# Java VM: Java HotSpot(TM) 64-Bit Server VM 18.9 (11.0.16.1+1-LTS-1, mixed mode, tiered, compressed oops, g1 gc, windows-amd64)
# No core dump will be written. Minidumps are not enabled by default on client versions of Windows
#

---------------  S U M M A R Y ------------

Command Line: -Dfile.encoding=UTF-8 online.blog.app.SprinngbotRestApiApplication

Host: Intel(R) Xeon(R) Gold 6140 CPU @ 2.30GHz, 4 cores, 15G,  Windows 10 , 64 bit Build 19041 (10.0.19041.1889)
Time: Thu Aug 31 11:55:50 2023 India Standard Time elapsed time: 11.974174 seconds (0d 0h 0m 11s)

---------------  T H R E A D  ---------------

Current thread (0x000002059e1d1000):  JavaThread "C2 CompilerThread1" daemon [_thread_in_native, id=26012, stack(0x00000033cc300000,0x00000033cc400000)]


Current CompileTask:
C2:  11974 5335       4       jdk.internal.loader.ClassLoaders$AppClassLoader::loadClass (40 bytes)

Stack: [0x00000033cc300000,0x00000033cc400000]
Native frames: (J=compiled Java code, j=interpreted, Vv=VM code, C=native code)
V  [jvm.dll+0x62a3da]
V  [jvm.dll+0x76407f]
V  [jvm.dll+0x765729]
V  [jvm.dll+0x765db3]
V  [jvm.dll+0x23dc18]
V  [jvm.dll+0xb2c7b]
V  [jvm.dll+0xb2fdc]
V  [jvm.dll+0xb2b2b]
V  [jvm.dll+0x60a6df]
V  [jvm.dll+0x659bb4]
V  [jvm.dll+0x18cedd]
V  [jvm.dll+0x1f8792]
V  [jvm.dll+0x1f786d]
V  [jvm.dll+0x177c81]
V  [jvm.dll+0x207186]
V  [jvm.dll+0x20531b]
V  [jvm.dll+0x729f60]
V  [jvm.dll+0x722b34]
V  [jvm.dll+0x629276]
C  [ucrtbase.dll+0x21bb2]
C  [KERNEL32.DLL+0x17034]
C  [ntdll.dll+0x526a1]


---------------  P R O C E S S  ---------------

Threads class SMR info:
_java_thread_list=0x00000205a41548e0, length=20, elements={
0x00000205f9f7e000, 0x00000205ffe6e000, 0x00000205ffe7a800, 0x00000205ffe8e000,
0x000002059ceb4800, 0x000002059ceb5800, 0x000002059cebb800, 0x000002059cf18800,
0x000002059cf2c000, 0x000002059d03b800, 0x000002059dda0800, 0x000002059dcd4000,
0x000002059e1d1000, 0x00000205a26ed800, 0x00000205a44e5800, 0x00000205a3cda000,
0x00000205a4548000, 0x00000205a24d8800, 0x00000205a3d14800, 0x00000205a3e15800
}

Java Threads: ( => current thread )
  0x00000205f9f7e000 JavaThread "main" [_thread_blocked, id=10432, stack(0x00000033cac00000,0x00000033cad00000)]
  0x00000205ffe6e000 JavaThread "Reference Handler" daemon [_thread_blocked, id=15576, stack(0x00000033cb300000,0x00000033cb400000)]
  0x00000205ffe7a800 JavaThread "Finalizer" daemon [_thread_blocked, id=10896, stack(0x00000033cb400000,0x00000033cb500000)]
  0x00000205ffe8e000 JavaThread "Signal Dispatcher" daemon [_thread_blocked, id=304, stack(0x00000033cb500000,0x00000033cb600000)]
  0x000002059ceb4800 JavaThread "Attach Listener" daemon [_thread_blocked, id=20860, stack(0x00000033cb600000,0x00000033cb700000)]
  0x000002059ceb5800 JavaThread "Service Thread" daemon [_thread_blocked, id=23872, stack(0x00000033cb700000,0x00000033cb800000)]
  0x000002059cebb800 JavaThread "C2 CompilerThread0" daemon [_thread_in_native, id=26048, stack(0x00000033cb800000,0x00000033cb900000)]
  0x000002059cf18800 JavaThread "C1 CompilerThread0" daemon [_thread_blocked, id=15372, stack(0x00000033cb900000,0x00000033cba00000)]
  0x000002059cf2c000 JavaThread "Sweeper thread" daemon [_thread_blocked, id=5756, stack(0x00000033cba00000,0x00000033cbb00000)]
  0x000002059d03b800 JavaThread "Common-Cleaner" daemon [_thread_blocked, id=12104, stack(0x00000033cbc00000,0x00000033cbd00000)]
  0x000002059dda0800 JavaThread "Thread-0" [_thread_blocked, id=21476, stack(0x00000033cc100000,0x00000033cc200000)]
  0x000002059dcd4000 JavaThread "restartedMain" [_thread_in_vm, id=13024, stack(0x00000033cc200000,0x00000033cc300000)]
=>0x000002059e1d1000 JavaThread "C2 CompilerThread1" daemon [_thread_in_native, id=26012, stack(0x00000033cc300000,0x00000033cc400000)]
  0x00000205a26ed800 JavaThread "BufferPoolPruner-1-thread-1" daemon [_thread_blocked, id=13292, stack(0x00000033cbd00000,0x00000033cbe00000)]
  0x00000205a44e5800 JavaThread "cluster-ClusterId{value='64f0326bfcf8642cd3c6d74c', description='null'}-localhost:27017" daemon [_thread_in_native, id=23132, stack(0x00000033cc400000,0x00000033cc500000)]
  0x00000205a3cda000 JavaThread "cluster-rtt-ClusterId{value='64f0326bfcf8642cd3c6d74c', description='null'}-localhost:27017" daemon [_thread_blocked, id=14720, stack(0x00000033cc500000,0x00000033cc600000)]
  0x00000205a4548000 JavaThread "MaintenanceTimer-2-thread-1" daemon [_thread_blocked, id=15376, stack(0x00000033cc700000,0x00000033cc800000)]
  0x00000205a24d8800 JavaThread "Catalina-utility-1" [_thread_in_vm, id=9748, stack(0x00000033cc800000,0x00000033cc900000)]
  0x00000205a3d14800 JavaThread "Catalina-utility-2" [_thread_blocked, id=4416, stack(0x00000033cc900000,0x00000033cca00000)]
  0x00000205a3e15800 JavaThread "container-0" [_thread_blocked, id=9444, stack(0x00000033cca00000,0x00000033ccb00000)]

Other Threads:
  0x00000205ffe6b000 VMThread "VM Thread" [stack: 0x00000033cb200000,0x00000033cb300000] [id=18436]
  0x000002059d039000 WatcherThread [stack: 0x00000033cbb00000,0x00000033cbc00000] [id=17404]
  0x00000205f9fae800 GCTaskThread "GC Thread#0" [stack: 0x00000033cad00000,0x00000033cae00000] [id=13712]
  0x000002059dc67000 GCTaskThread "GC Thread#1" [stack: 0x00000033cbe00000,0x00000033cbf00000] [id=20420]
  0x000002059dc67800 GCTaskThread "GC Thread#2" [stack: 0x00000033cbf00000,0x00000033cc000000] [id=18160]
  0x000002059d9ba800 GCTaskThread "GC Thread#3" [stack: 0x00000033cc000000,0x00000033cc100000] [id=15040]
  0x00000205f9ffa800 ConcurrentGCThread "G1 Main Marker" [stack: 0x00000033cae00000,0x00000033caf00000] [id=21572]
  0x00000205f9ffb800 ConcurrentGCThread "G1 Conc#0" [stack: 0x00000033caf00000,0x00000033cb000000] [id=11992]
  0x00000205ffd47000 ConcurrentGCThread "G1 Refine#0" [stack: 0x00000033cb000000,0x00000033cb100000] [id=10588]
  0x00000205ffd48000 ConcurrentGCThread "G1 Young RemSet Sampling" [stack: 0x00000033cb100000,0x00000033cb200000] [id=17484]

Threads with active compile tasks:
C2 CompilerThread0    11991 5671       4       jdk.internal.loader.BuiltinClassLoader::loadClassOrNull (7 bytes)
C2 CompilerThread1    11991 5335       4       jdk.internal.loader.ClassLoaders$AppClassLoader::loadClass (40 bytes)

VM state:synchronizing (normal execution)

VM Mutex/Monitor currently owned by a thread:  ([mutex/lock_event])
[0x00000205f9f78d30] Threads_lock - owner thread: 0x00000205ffe6b000
[0x00000205f9f79ea0] Heap_lock - owner thread: 0x000002059dcd4000

Heap address: 0x0000000700000000, size: 4096 MB, Compressed Oops mode: Zero based, Oop shift amount: 3
Narrow klass base: 0x0000000800000000, Narrow klass shift: 0
Compressed class space size: 1073741824 Address: 0x0000000800000000

Heap:
 garbage-first heap   total 317440K, used 154826K [0x0000000700000000, 0x0000000800000000)
  region size 1024K, 144 young (147456K), 18 survivors (18432K)
 Metaspace       used 58327K, capacity 60096K, committed 60160K, reserved 1101824K
  class space    used 7431K, capacity 8142K, committed 8192K, reserved 1048576K
Heap Regions: E=young(eden), S=young(survivor), O=old, HS=humongous(starts), HC=humongous(continues), CS=collection set, F=free, A=archive, TAMS=top-at-mark-start (previous, next)
|   0|0x0000000700000000, 0x0000000700100000, 0x0000000700100000|100%| O|  |TAMS 0x0000000700100000, 0x0000000700000000| Untracked 
|   1|0x0000000700100000, 0x0000000700200000, 0x0000000700200000|100%| O|  |TAMS 0x0000000700200000, 0x0000000700100000| Untracked 
|   2|0x0000000700200000, 0x0000000700300000, 0x0000000700300000|100%| O|  |TAMS 0x0000000700300000, 0x0000000700200000| Untracked 
|   3|0x0000000700300000, 0x0000000700400000, 0x0000000700400000|100%| O|  |TAMS 0x0000000700400000, 0x0000000700300000| Untracked 
|   4|0x0000000700400000, 0x0000000700500000, 0x0000000700500000|100%| O|  |TAMS 0x0000000700500000, 0x0000000700400000| Untracked 
|   5|0x0000000700500000, 0x0000000700600000, 0x0000000700600000|100%| O|  |TAMS 0x0000000700600000, 0x0000000700500000| Untracked 
|   6|0x0000000700600000, 0x0000000700700000, 0x0000000700700000|100%| O|  |TAMS 0x0000000700700000, 0x0000000700600000| Untracked 
|   7|0x0000000700700000, 0x0000000700800000, 0x0000000700800000|100%| O|  |TAMS 0x0000000700800000, 0x0000000700700000| Untracked 
|   8|0x0000000700800000, 0x0000000700832a00, 0x0000000700900000| 19%| O|  |TAMS 0x0000000700832a00, 0x0000000700800000| Untracked 
|   9|0x0000000700900000, 0x0000000700900000, 0x0000000700a00000|  0%| F|  |TAMS 0x0000000700900000, 0x0000000700900000| Untracked 
|  10|0x0000000700a00000, 0x0000000700a00000, 0x0000000700b00000|  0%| F|  |TAMS 0x0000000700a00000, 0x0000000700a00000| Untracked 
|  11|0x0000000700b00000, 0x0000000700b00000, 0x0000000700c00000|  0%| F|  |TAMS 0x0000000700b00000, 0x0000000700b00000| Untracked 
|  12|0x0000000700c00000, 0x0000000700c00000, 0x0000000700d00000|  0%| F|  |TAMS 0x0000000700c00000, 0x0000000700c00000| Untracked 
|  13|0x0000000700d00000, 0x0000000700d00000, 0x0000000700e00000|  0%| F|  |TAMS 0x0000000700d00000, 0x0000000700d00000| Untracked 
|  14|0x0000000700e00000, 0x0000000700e00000, 0x0000000700f00000|  0%| F|  |TAMS 0x0000000700e00000, 0x0000000700e00000| Untracked 
|  15|0x0000000700f00000, 0x0000000700f00000, 0x0000000701000000|  0%| F|  |TAMS 0x0000000700f00000, 0x0000000700f00000| Untracked 
|  16|0x0000000701000000, 0x0000000701000000, 0x0000000701100000|  0%| F|  |TAMS 0x0000000701000000, 0x0000000701000000| Untracked 
|  17|0x0000000701100000, 0x0000000701100000, 0x0000000701200000|  0%| F|  |TAMS 0x0000000701100000, 0x0000000701100000| Untracked 
|  18|0x0000000701200000, 0x0000000701200000, 0x0000000701300000|  0%| F|  |TAMS 0x0000000701200000, 0x0000000701200000| Untracked 
|  19|0x0000000701300000, 0x0000000701300000, 0x0000000701400000|  0%| F|  |TAMS 0x0000000701300000, 0x0000000701300000| Untracked 
|  20|0x0000000701400000, 0x0000000701400000, 0x0000000701500000|  0%| F|  |TAMS 0x0000000701400000, 0x0000000701400000| Untracked 
|  21|0x0000000701500000, 0x0000000701500000, 0x0000000701600000|  0%| F|  |TAMS 0x0000000701500000, 0x0000000701500000| Untracked 
|  22|0x0000000701600000, 0x0000000701600000, 0x0000000701700000|  0%| F|  |TAMS 0x0000000701600000, 0x0000000701600000| Untracked 
|  23|0x0000000701700000, 0x0000000701700000, 0x0000000701800000|  0%| F|  |TAMS 0x0000000701700000, 0x0000000701700000| Untracked 
|  24|0x0000000701800000, 0x0000000701800000, 0x0000000701900000|  0%| F|  |TAMS 0x0000000701800000, 0x0000000701800000| Untracked 
|  25|0x0000000701900000, 0x0000000701900000, 0x0000000701a00000|  0%| F|  |TAMS 0x0000000701900000, 0x0000000701900000| Untracked 
|  26|0x0000000701a00000, 0x0000000701a00000, 0x0000000701b00000|  0%| F|  |TAMS 0x0000000701a00000, 0x0000000701a00000| Untracked 
|  27|0x0000000701b00000, 0x0000000701b00000, 0x0000000701c00000|  0%| F|  |TAMS 0x0000000701b00000, 0x0000000701b00000| Untracked 
|  28|0x0000000701c00000, 0x0000000701c00000, 0x0000000701d00000|  0%| F|  |TAMS 0x0000000701c00000, 0x0000000701c00000| Untracked 
|  29|0x0000000701d00000, 0x0000000701d00000, 0x0000000701e00000|  0%| F|  |TAMS 0x0000000701d00000, 0x0000000701d00000| Untracked 
|  30|0x0000000701e00000, 0x0000000701e00000, 0x0000000701f00000|  0%| F|  |TAMS 0x0000000701e00000, 0x0000000701e00000| Untracked 
|  31|0x0000000701f00000, 0x0000000701f00000, 0x0000000702000000|  0%| F|  |TAMS 0x0000000701f00000, 0x0000000701f00000| Untracked 
|  32|0x0000000702000000, 0x0000000702000000, 0x0000000702100000|  0%| F|  |TAMS 0x0000000702000000, 0x0000000702000000| Untracked 
|  33|0x0000000702100000, 0x0000000702100000, 0x0000000702200000|  0%| F|  |TAMS 0x0000000702100000, 0x0000000702100000| Untracked 
|  34|0x0000000702200000, 0x0000000702200000, 0x0000000702300000|  0%| F|  |TAMS 0x0000000702200000, 0x0000000702200000| Untracked 
|  35|0x0000000702300000, 0x0000000702300000, 0x0000000702400000|  0%| F|  |TAMS 0x0000000702300000, 0x0000000702300000| Untracked 
|  36|0x0000000702400000, 0x0000000702400000, 0x0000000702500000|  0%| F|  |TAMS 0x0000000702400000, 0x0000000702400000| Untracked 
|  37|0x0000000702500000, 0x0000000702500000, 0x0000000702600000|  0%| F|  |TAMS 0x0000000702500000, 0x0000000702500000| Untracked 
|  38|0x0000000702600000, 0x0000000702600000, 0x0000000702700000|  0%| F|  |TAMS 0x0000000702600000, 0x0000000702600000| Untracked 
|  39|0x0000000702700000, 0x0000000702700000, 0x0000000702800000|  0%| F|  |TAMS 0x0000000702700000, 0x0000000702700000| Untracked 
|  40|0x0000000702800000, 0x0000000702800000, 0x0000000702900000|  0%| F|  |TAMS 0x0000000702800000, 0x0000000702800000| Untracked 
|  41|0x0000000702900000, 0x0000000702900000, 0x0000000702a00000|  0%| F|  |TAMS 0x0000000702900000, 0x0000000702900000| Untracked 
|  42|0x0000000702a00000, 0x0000000702a00000, 0x0000000702b00000|  0%| F|  |TAMS 0x0000000702a00000, 0x0000000702a00000| Untracked 
|  43|0x0000000702b00000, 0x0000000702b00000, 0x0000000702c00000|  0%| F|  |TAMS 0x0000000702b00000, 0x0000000702b00000| Untracked 
|  44|0x0000000702c00000, 0x0000000702c00000, 0x0000000702d00000|  0%| F|  |TAMS 0x0000000702c00000, 0x0000000702c00000| Untracked 
|  45|0x0000000702d00000, 0x0000000702d00000, 0x0000000702e00000|  0%| F|  |TAMS 0x0000000702d00000, 0x0000000702d00000| Untracked 
|  46|0x0000000702e00000, 0x0000000702e00000, 0x0000000702f00000|  0%| F|  |TAMS 0x0000000702e00000, 0x0000000702e00000| Untracked 
|  47|0x0000000702f00000, 0x0000000702f00000, 0x0000000703000000|  0%| F|  |TAMS 0x0000000702f00000, 0x0000000702f00000| Untracked 
|  48|0x0000000703000000, 0x0000000703000000, 0x0000000703100000|  0%| F|  |TAMS 0x0000000703000000, 0x0000000703000000| Untracked 
|  49|0x0000000703100000, 0x0000000703100000, 0x0000000703200000|  0%| F|  |TAMS 0x0000000703100000, 0x0000000703100000| Untracked 
|  50|0x0000000703200000, 0x0000000703200000, 0x0000000703300000|  0%| F|  |TAMS 0x0000000703200000, 0x0000000703200000| Untracked 
|  51|0x0000000703300000, 0x0000000703300000, 0x0000000703400000|  0%| F|  |TAMS 0x0000000703300000, 0x0000000703300000| Untracked 
|  52|0x0000000703400000, 0x0000000703400000, 0x0000000703500000|  0%| F|  |TAMS 0x0000000703400000, 0x0000000703400000| Untracked 
|  53|0x0000000703500000, 0x0000000703500000, 0x0000000703600000|  0%| F|  |TAMS 0x0000000703500000, 0x0000000703500000| Untracked 
|  54|0x0000000703600000, 0x0000000703600000, 0x0000000703700000|  0%| F|  |TAMS 0x0000000703600000, 0x0000000703600000| Untracked 
|  55|0x0000000703700000, 0x0000000703700000, 0x0000000703800000|  0%| F|  |TAMS 0x0000000703700000, 0x0000000703700000| Untracked 
|  56|0x0000000703800000, 0x0000000703800000, 0x0000000703900000|  0%| F|  |TAMS 0x0000000703800000, 0x0000000703800000| Untracked 
|  57|0x0000000703900000, 0x0000000703900000, 0x0000000703a00000|  0%| F|  |TAMS 0x0000000703900000, 0x0000000703900000| Untracked 
|  58|0x0000000703a00000, 0x0000000703a00000, 0x0000000703b00000|  0%| F|  |TAMS 0x0000000703a00000, 0x0000000703a00000| Untracked 
|  59|0x0000000703b00000, 0x0000000703b00000, 0x0000000703c00000|  0%| F|  |TAMS 0x0000000703b00000, 0x0000000703b00000| Untracked 
|  60|0x0000000703c00000, 0x0000000703c00000, 0x0000000703d00000|  0%| F|  |TAMS 0x0000000703c00000, 0x0000000703c00000| Untracked 
|  61|0x0000000703d00000, 0x0000000703d00000, 0x0000000703e00000|  0%| F|  |TAMS 0x0000000703d00000, 0x0000000703d00000| Untracked 
|  62|0x0000000703e00000, 0x0000000703e00000, 0x0000000703f00000|  0%| F|  |TAMS 0x0000000703e00000, 0x0000000703e00000| Untracked 
|  63|0x0000000703f00000, 0x0000000703f00000, 0x0000000704000000|  0%| F|  |TAMS 0x0000000703f00000, 0x0000000703f00000| Untracked 
|  64|0x0000000704000000, 0x0000000704000000, 0x0000000704100000|  0%| F|  |TAMS 0x0000000704000000, 0x0000000704000000| Untracked 
|  65|0x0000000704100000, 0x0000000704100000, 0x0000000704200000|  0%| F|  |TAMS 0x0000000704100000, 0x0000000704100000| Untracked 
|  66|0x0000000704200000, 0x0000000704200000, 0x0000000704300000|  0%| F|  |TAMS 0x0000000704200000, 0x0000000704200000| Untracked 
|  67|0x0000000704300000, 0x0000000704300000, 0x0000000704400000|  0%| F|  |TAMS 0x0000000704300000, 0x0000000704300000| Untracked 
|  68|0x0000000704400000, 0x0000000704400000, 0x0000000704500000|  0%| F|  |TAMS 0x0000000704400000, 0x0000000704400000| Untracked 
|  69|0x0000000704500000, 0x0000000704500000, 0x0000000704600000|  0%| F|  |TAMS 0x0000000704500000, 0x0000000704500000| Untracked 
|  70|0x0000000704600000, 0x0000000704600000, 0x0000000704700000|  0%| F|  |TAMS 0x0000000704600000, 0x0000000704600000| Untracked 
|  71|0x0000000704700000, 0x0000000704700000, 0x0000000704800000|  0%| F|  |TAMS 0x0000000704700000, 0x0000000704700000| Untracked 
|  72|0x0000000704800000, 0x0000000704800000, 0x0000000704900000|  0%| F|  |TAMS 0x0000000704800000, 0x0000000704800000| Untracked 
|  73|0x0000000704900000, 0x0000000704900000, 0x0000000704a00000|  0%| F|  |TAMS 0x0000000704900000, 0x0000000704900000| Untracked 
|  74|0x0000000704a00000, 0x0000000704a00000, 0x0000000704b00000|  0%| F|  |TAMS 0x0000000704a00000, 0x0000000704a00000| Untracked 
|  75|0x0000000704b00000, 0x0000000704b00000, 0x0000000704c00000|  0%| F|  |TAMS 0x0000000704b00000, 0x0000000704b00000| Untracked 
|  76|0x0000000704c00000, 0x0000000704c00000, 0x0000000704d00000|  0%| F|  |TAMS 0x0000000704c00000, 0x0000000704c00000| Untracked 
|  77|0x0000000704d00000, 0x0000000704d00000, 0x0000000704e00000|  0%| F|  |TAMS 0x0000000704d00000, 0x0000000704d00000| Untracked 
|  78|0x0000000704e00000, 0x0000000704e00000, 0x0000000704f00000|  0%| F|  |TAMS 0x0000000704e00000, 0x0000000704e00000| Untracked 
|  79|0x0000000704f00000, 0x0000000704f00000, 0x0000000705000000|  0%| F|  |TAMS 0x0000000704f00000, 0x0000000704f00000| Untracked 
|  80|0x0000000705000000, 0x0000000705000000, 0x0000000705100000|  0%| F|  |TAMS 0x0000000705000000, 0x0000000705000000| Untracked 
|  81|0x0000000705100000, 0x0000000705100000, 0x0000000705200000|  0%| F|  |TAMS 0x0000000705100000, 0x0000000705100000| Untracked 
|  82|0x0000000705200000, 0x0000000705200000, 0x0000000705300000|  0%| F|  |TAMS 0x0000000705200000, 0x0000000705200000| Untracked 
|  83|0x0000000705300000, 0x0000000705300000, 0x0000000705400000|  0%| F|  |TAMS 0x0000000705300000, 0x0000000705300000| Untracked 
|  84|0x0000000705400000, 0x0000000705400000, 0x0000000705500000|  0%| F|  |TAMS 0x0000000705400000, 0x0000000705400000| Untracked 
|  85|0x0000000705500000, 0x0000000705600000, 0x0000000705600000|100%| S|CS|TAMS 0x0000000705500000, 0x0000000705500000| Complete 
|  86|0x0000000705600000, 0x0000000705700000, 0x0000000705700000|100%| S|CS|TAMS 0x0000000705600000, 0x0000000705600000| Complete 
|  87|0x0000000705700000, 0x0000000705800000, 0x0000000705800000|100%| S|CS|TAMS 0x0000000705700000, 0x0000000705700000| Complete 
|  88|0x0000000705800000, 0x0000000705900000, 0x0000000705900000|100%| S|CS|TAMS 0x0000000705800000, 0x0000000705800000| Complete 
|  89|0x0000000705900000, 0x0000000705a00000, 0x0000000705a00000|100%| S|CS|TAMS 0x0000000705900000, 0x0000000705900000| Complete 
|  90|0x0000000705a00000, 0x0000000705b00000, 0x0000000705b00000|100%| S|CS|TAMS 0x0000000705a00000, 0x0000000705a00000| Complete 
|  91|0x0000000705b00000, 0x0000000705c00000, 0x0000000705c00000|100%| S|CS|TAMS 0x0000000705b00000, 0x0000000705b00000| Complete 
|  92|0x0000000705c00000, 0x0000000705d00000, 0x0000000705d00000|100%| S|CS|TAMS 0x0000000705c00000, 0x0000000705c00000| Complete 
|  93|0x0000000705d00000, 0x0000000705e00000, 0x0000000705e00000|100%| S|CS|TAMS 0x0000000705d00000, 0x0000000705d00000| Complete 
|  94|0x0000000705e00000, 0x0000000705f00000, 0x0000000705f00000|100%| S|CS|TAMS 0x0000000705e00000, 0x0000000705e00000| Complete 
|  95|0x0000000705f00000, 0x0000000706000000, 0x0000000706000000|100%| S|CS|TAMS 0x0000000705f00000, 0x0000000705f00000| Complete 
|  96|0x0000000706000000, 0x0000000706100000, 0x0000000706100000|100%| S|CS|TAMS 0x0000000706000000, 0x0000000706000000| Complete 
|  97|0x0000000706100000, 0x0000000706200000, 0x0000000706200000|100%| S|CS|TAMS 0x0000000706100000, 0x0000000706100000| Complete 
|  98|0x0000000706200000, 0x0000000706300000, 0x0000000706300000|100%| S|CS|TAMS 0x0000000706200000, 0x0000000706200000| Complete 
|  99|0x0000000706300000, 0x0000000706400000, 0x0000000706400000|100%| S|CS|TAMS 0x0000000706300000, 0x0000000706300000| Complete 
| 100|0x0000000706400000, 0x0000000706500000, 0x0000000706500000|100%| S|CS|TAMS 0x0000000706400000, 0x0000000706400000| Complete 
| 101|0x0000000706500000, 0x0000000706600000, 0x0000000706600000|100%| S|CS|TAMS 0x0000000706500000, 0x0000000706500000| Complete 
| 102|0x0000000706600000, 0x0000000706700000, 0x0000000706700000|100%| S|CS|TAMS 0x0000000706600000, 0x0000000706600000| Complete 
| 103|0x0000000706700000, 0x0000000706700000, 0x0000000706800000|  0%| F|  |TAMS 0x0000000706700000, 0x0000000706700000| Untracked 
| 104|0x0000000706800000, 0x0000000706800000, 0x0000000706900000|  0%| F|  |TAMS 0x0000000706800000, 0x0000000706800000| Untracked 
| 105|0x0000000706900000, 0x0000000706900000, 0x0000000706a00000|  0%| F|  |TAMS 0x0000000706900000, 0x0000000706900000| Untracked 
| 106|0x0000000706a00000, 0x0000000706a00000, 0x0000000706b00000|  0%| F|  |TAMS 0x0000000706a00000, 0x0000000706a00000| Untracked 
| 107|0x0000000706b00000, 0x0000000706b00000, 0x0000000706c00000|  0%| F|  |TAMS 0x0000000706b00000, 0x0000000706b00000| Untracked 
| 108|0x0000000706c00000, 0x0000000706c00000, 0x0000000706d00000|  0%| F|  |TAMS 0x0000000706c00000, 0x0000000706c00000| Untracked 
| 109|0x0000000706d00000, 0x0000000706d00000, 0x0000000706e00000|  0%| F|  |TAMS 0x0000000706d00000, 0x0000000706d00000| Untracked 
| 110|0x0000000706e00000, 0x0000000706e00000, 0x0000000706f00000|  0%| F|  |TAMS 0x0000000706e00000, 0x0000000706e00000| Untracked 
| 111|0x0000000706f00000, 0x0000000706f00000, 0x0000000707000000|  0%| F|  |TAMS 0x0000000706f00000, 0x0000000706f00000| Untracked 
| 112|0x0000000707000000, 0x0000000707000000, 0x0000000707100000|  0%| F|  |TAMS 0x0000000707000000, 0x0000000707000000| Untracked 
| 113|0x0000000707100000, 0x0000000707100000, 0x0000000707200000|  0%| F|  |TAMS 0x0000000707100000, 0x0000000707100000| Untracked 
| 114|0x0000000707200000, 0x0000000707200000, 0x0000000707300000|  0%| F|  |TAMS 0x0000000707200000, 0x0000000707200000| Untracked 
| 115|0x0000000707300000, 0x0000000707300000, 0x0000000707400000|  0%| F|  |TAMS 0x0000000707300000, 0x0000000707300000| Untracked 
| 116|0x0000000707400000, 0x0000000707400000, 0x0000000707500000|  0%| F|  |TAMS 0x0000000707400000, 0x0000000707400000| Untracked 
| 117|0x0000000707500000, 0x0000000707500000, 0x0000000707600000|  0%| F|  |TAMS 0x0000000707500000, 0x0000000707500000| Untracked 
| 118|0x0000000707600000, 0x0000000707600000, 0x0000000707700000|  0%| F|  |TAMS 0x0000000707600000, 0x0000000707600000| Untracked 
| 119|0x0000000707700000, 0x0000000707700000, 0x0000000707800000|  0%| F|  |TAMS 0x0000000707700000, 0x0000000707700000| Untracked 
| 120|0x0000000707800000, 0x0000000707800000, 0x0000000707900000|  0%| F|  |TAMS 0x0000000707800000, 0x0000000707800000| Untracked 
| 121|0x0000000707900000, 0x0000000707900000, 0x0000000707a00000|  0%| F|  |TAMS 0x0000000707900000, 0x0000000707900000| Untracked 
| 122|0x0000000707a00000, 0x0000000707a00000, 0x0000000707b00000|  0%| F|  |TAMS 0x0000000707a00000, 0x0000000707a00000| Untracked 
| 123|0x0000000707b00000, 0x0000000707b00000, 0x0000000707c00000|  0%| F|  |TAMS 0x0000000707b00000, 0x0000000707b00000| Untracked 
| 124|0x0000000707c00000, 0x0000000707c00000, 0x0000000707d00000|  0%| F|  |TAMS 0x0000000707c00000, 0x0000000707c00000| Untracked 
| 125|0x0000000707d00000, 0x0000000707d00000, 0x0000000707e00000|  0%| F|  |TAMS 0x0000000707d00000, 0x0000000707d00000| Untracked 
| 126|0x0000000707e00000, 0x0000000707e00000, 0x0000000707f00000|  0%| F|  |TAMS 0x0000000707e00000, 0x0000000707e00000| Untracked 
| 127|0x0000000707f00000, 0x0000000707f00000, 0x0000000708000000|  0%| F|  |TAMS 0x0000000707f00000, 0x0000000707f00000| Untracked 
| 128|0x0000000708000000, 0x0000000708000000, 0x0000000708100000|  0%| F|  |TAMS 0x0000000708000000, 0x0000000708000000| Untracked 
| 129|0x0000000708100000, 0x0000000708100000, 0x0000000708200000|  0%| F|  |TAMS 0x0000000708100000, 0x0000000708100000| Untracked 
| 130|0x0000000708200000, 0x0000000708200000, 0x0000000708300000|  0%| F|  |TAMS 0x0000000708200000, 0x0000000708200000| Untracked 
| 131|0x0000000708300000, 0x0000000708300000, 0x0000000708400000|  0%| F|  |TAMS 0x0000000708300000, 0x0000000708300000| Untracked 
| 132|0x0000000708400000, 0x0000000708400000, 0x0000000708500000|  0%| F|  |TAMS 0x0000000708400000, 0x0000000708400000| Untracked 
| 133|0x0000000708500000, 0x0000000708500000, 0x0000000708600000|  0%| F|  |TAMS 0x0000000708500000, 0x0000000708500000| Untracked 
| 134|0x0000000708600000, 0x0000000708600000, 0x0000000708700000|  0%| F|  |TAMS 0x0000000708600000, 0x0000000708600000| Untracked 
| 135|0x0000000708700000, 0x0000000708700000, 0x0000000708800000|  0%| F|  |TAMS 0x0000000708700000, 0x0000000708700000| Untracked 
| 136|0x0000000708800000, 0x0000000708800000, 0x0000000708900000|  0%| F|  |TAMS 0x0000000708800000, 0x0000000708800000| Untracked 
| 137|0x0000000708900000, 0x0000000708900000, 0x0000000708a00000|  0%| F|  |TAMS 0x0000000708900000, 0x0000000708900000| Untracked 
| 138|0x0000000708a00000, 0x0000000708a00000, 0x0000000708b00000|  0%| F|  |TAMS 0x0000000708a00000, 0x0000000708a00000| Untracked 
| 139|0x0000000708b00000, 0x0000000708b00000, 0x0000000708c00000|  0%| F|  |TAMS 0x0000000708b00000, 0x0000000708b00000| Untracked 
| 140|0x0000000708c00000, 0x0000000708c00000, 0x0000000708d00000|  0%| F|  |TAMS 0x0000000708c00000, 0x0000000708c00000| Untracked 
| 141|0x0000000708d00000, 0x0000000708d00000, 0x0000000708e00000|  0%| F|  |TAMS 0x0000000708d00000, 0x0000000708d00000| Untracked 
| 142|0x0000000708e00000, 0x0000000708e00000, 0x0000000708f00000|  0%| F|  |TAMS 0x0000000708e00000, 0x0000000708e00000| Untracked 
| 143|0x0000000708f00000, 0x0000000708f00000, 0x0000000709000000|  0%| F|  |TAMS 0x0000000708f00000, 0x0000000708f00000| Untracked 
| 144|0x0000000709000000, 0x0000000709000000, 0x0000000709100000|  0%| F|  |TAMS 0x0000000709000000, 0x0000000709000000| Untracked 
| 145|0x0000000709100000, 0x0000000709100000, 0x0000000709200000|  0%| F|  |TAMS 0x0000000709100000, 0x0000000709100000| Untracked 
| 146|0x0000000709200000, 0x0000000709200000, 0x0000000709300000|  0%| F|  |TAMS 0x0000000709200000, 0x0000000709200000| Untracked 
| 147|0x0000000709300000, 0x0000000709300000, 0x0000000709400000|  0%| F|  |TAMS 0x0000000709300000, 0x0000000709300000| Untracked 
| 148|0x0000000709400000, 0x0000000709400000, 0x0000000709500000|  0%| F|  |TAMS 0x0000000709400000, 0x0000000709400000| Untracked 
| 149|0x0000000709500000, 0x0000000709500000, 0x0000000709600000|  0%| F|  |TAMS 0x0000000709500000, 0x0000000709500000| Untracked 
| 150|0x0000000709600000, 0x0000000709600000, 0x0000000709700000|  0%| F|  |TAMS 0x0000000709600000, 0x0000000709600000| Untracked 
| 151|0x0000000709700000, 0x0000000709700000, 0x0000000709800000|  0%| F|  |TAMS 0x0000000709700000, 0x0000000709700000| Untracked 
| 152|0x0000000709800000, 0x0000000709800000, 0x0000000709900000|  0%| F|  |TAMS 0x0000000709800000, 0x0000000709800000| Untracked 
| 153|0x0000000709900000, 0x0000000709900000, 0x0000000709a00000|  0%| F|  |TAMS 0x0000000709900000, 0x0000000709900000| Untracked 
| 154|0x0000000709a00000, 0x0000000709a00000, 0x0000000709b00000|  0%| F|  |TAMS 0x0000000709a00000, 0x0000000709a00000| Untracked 
| 155|0x0000000709b00000, 0x0000000709b00000, 0x0000000709c00000|  0%| F|  |TAMS 0x0000000709b00000, 0x0000000709b00000| Untracked 
| 156|0x0000000709c00000, 0x0000000709c00000, 0x0000000709d00000|  0%| F|  |TAMS 0x0000000709c00000, 0x0000000709c00000| Untracked 
| 157|0x0000000709d00000, 0x0000000709d00000, 0x0000000709e00000|  0%| F|  |TAMS 0x0000000709d00000, 0x0000000709d00000| Untracked 
| 158|0x0000000709e00000, 0x0000000709e00000, 0x0000000709f00000|  0%| F|  |TAMS 0x0000000709e00000, 0x0000000709e00000| Untracked 
| 159|0x0000000709f00000, 0x0000000709f00000, 0x000000070a000000|  0%| F|  |TAMS 0x0000000709f00000, 0x0000000709f00000| Untracked 
| 160|0x000000070a000000, 0x000000070a000000, 0x000000070a100000|  0%| F|  |TAMS 0x000000070a000000, 0x000000070a000000| Untracked 
| 161|0x000000070a100000, 0x000000070a100000, 0x000000070a200000|  0%| F|  |TAMS 0x000000070a100000, 0x000000070a100000| Untracked 
| 162|0x000000070a200000, 0x000000070a200000, 0x000000070a300000|  0%| F|  |TAMS 0x000000070a200000, 0x000000070a200000| Untracked 
| 163|0x000000070a300000, 0x000000070a300000, 0x000000070a400000|  0%| F|  |TAMS 0x000000070a300000, 0x000000070a300000| Untracked 
| 164|0x000000070a400000, 0x000000070a400000, 0x000000070a500000|  0%| F|  |TAMS 0x000000070a400000, 0x000000070a400000| Untracked 
| 165|0x000000070a500000, 0x000000070a500000, 0x000000070a600000|  0%| F|  |TAMS 0x000000070a500000, 0x000000070a500000| Untracked 
| 166|0x000000070a600000, 0x000000070a600000, 0x000000070a700000|  0%| F|  |TAMS 0x000000070a600000, 0x000000070a600000| Untracked 
| 167|0x000000070a700000, 0x000000070a700000, 0x000000070a800000|  0%| F|  |TAMS 0x000000070a700000, 0x000000070a700000| Untracked 
| 168|0x000000070a800000, 0x000000070a800000, 0x000000070a900000|  0%| F|  |TAMS 0x000000070a800000, 0x000000070a800000| Untracked 
| 169|0x000000070a900000, 0x000000070a900000, 0x000000070aa00000|  0%| F|  |TAMS 0x000000070a900000, 0x000000070a900000| Untracked 
| 170|0x000000070aa00000, 0x000000070aa00000, 0x000000070ab00000|  0%| F|  |TAMS 0x000000070aa00000, 0x000000070aa00000| Untracked 
| 171|0x000000070ab00000, 0x000000070ab00000, 0x000000070ac00000|  0%| F|  |TAMS 0x000000070ab00000, 0x000000070ab00000| Untracked 
| 172|0x000000070ac00000, 0x000000070ac00000, 0x000000070ad00000|  0%| F|  |TAMS 0x000000070ac00000, 0x000000070ac00000| Untracked 
| 173|0x000000070ad00000, 0x000000070ad00000, 0x000000070ae00000|  0%| F|  |TAMS 0x000000070ad00000, 0x000000070ad00000| Untracked 
| 174|0x000000070ae00000, 0x000000070ae00000, 0x000000070af00000|  0%| F|  |TAMS 0x000000070ae00000, 0x000000070ae00000| Untracked 
| 175|0x000000070af00000, 0x000000070af00000, 0x000000070b000000|  0%| F|  |TAMS 0x000000070af00000, 0x000000070af00000| Untracked 
| 176|0x000000070b000000, 0x000000070b000000, 0x000000070b100000|  0%| F|  |TAMS 0x000000070b000000, 0x000000070b000000| Untracked 
| 177|0x000000070b100000, 0x000000070b100000, 0x000000070b200000|  0%| F|  |TAMS 0x000000070b100000, 0x000000070b100000| Untracked 
| 178|0x000000070b200000, 0x000000070b200000, 0x000000070b300000|  0%| F|  |TAMS 0x000000070b200000, 0x000000070b200000| Untracked 
| 179|0x000000070b300000, 0x000000070b300000, 0x000000070b400000|  0%| F|  |TAMS 0x000000070b300000, 0x000000070b300000| Untracked 
| 180|0x000000070b400000, 0x000000070b400000, 0x000000070b500000|  0%| F|  |TAMS 0x000000070b400000, 0x000000070b400000| Untracked 
| 181|0x000000070b500000, 0x000000070b500000, 0x000000070b600000|  0%| F|  |TAMS 0x000000070b500000, 0x000000070b500000| Untracked 
| 182|0x000000070b600000, 0x000000070b600000, 0x000000070b700000|  0%| F|  |TAMS 0x000000070b600000, 0x000000070b600000| Untracked 
| 183|0x000000070b700000, 0x000000070b700000, 0x000000070b800000|  0%| F|  |TAMS 0x000000070b700000, 0x000000070b700000| Untracked 
| 184|0x000000070b800000, 0x000000070b900000, 0x000000070b900000|100%| E|  |TAMS 0x000000070b800000, 0x000000070b800000| Complete 
| 185|0x000000070b900000, 0x000000070ba00000, 0x000000070ba00000|100%| E|CS|TAMS 0x000000070b900000, 0x000000070b900000| Complete 
| 186|0x000000070ba00000, 0x000000070bb00000, 0x000000070bb00000|100%| E|CS|TAMS 0x000000070ba00000, 0x000000070ba00000| Complete 
| 187|0x000000070bb00000, 0x000000070bc00000, 0x000000070bc00000|100%| E|CS|TAMS 0x000000070bb00000, 0x000000070bb00000| Complete 
| 188|0x000000070bc00000, 0x000000070bd00000, 0x000000070bd00000|100%| E|CS|TAMS 0x000000070bc00000, 0x000000070bc00000| Complete 
| 189|0x000000070bd00000, 0x000000070be00000, 0x000000070be00000|100%| E|CS|TAMS 0x000000070bd00000, 0x000000070bd00000| Complete 
| 190|0x000000070be00000, 0x000000070bf00000, 0x000000070bf00000|100%| E|CS|TAMS 0x000000070be00000, 0x000000070be00000| Complete 
| 191|0x000000070bf00000, 0x000000070c000000, 0x000000070c000000|100%| E|CS|TAMS 0x000000070bf00000, 0x000000070bf00000| Complete 
| 192|0x000000070c000000, 0x000000070c100000, 0x000000070c100000|100%| E|CS|TAMS 0x000000070c000000, 0x000000070c000000| Complete 
| 193|0x000000070c100000, 0x000000070c200000, 0x000000070c200000|100%| E|CS|TAMS 0x000000070c100000, 0x000000070c100000| Complete 
| 194|0x000000070c200000, 0x000000070c300000, 0x000000070c300000|100%| E|CS|TAMS 0x000000070c200000, 0x000000070c200000| Complete 
| 195|0x000000070c300000, 0x000000070c400000, 0x000000070c400000|100%| E|CS|TAMS 0x000000070c300000, 0x000000070c300000| Complete 
| 196|0x000000070c400000, 0x000000070c500000, 0x000000070c500000|100%| E|CS|TAMS 0x000000070c400000, 0x000000070c400000| Complete 
| 197|0x000000070c500000, 0x000000070c600000, 0x000000070c600000|100%| E|CS|TAMS 0x000000070c500000, 0x000000070c500000| Complete 
| 198|0x000000070c600000, 0x000000070c700000, 0x000000070c700000|100%| E|CS|TAMS 0x000000070c600000, 0x000000070c600000| Complete 
| 199|0x000000070c700000, 0x000000070c800000, 0x000000070c800000|100%| E|CS|TAMS 0x000000070c700000, 0x000000070c700000| Complete 
| 200|0x000000070c800000, 0x000000070c900000, 0x000000070c900000|100%| E|CS|TAMS 0x000000070c800000, 0x000000070c800000| Complete 
| 201|0x000000070c900000, 0x000000070ca00000, 0x000000070ca00000|100%| E|CS|TAMS 0x000000070c900000, 0x000000070c900000| Complete 
| 202|0x000000070ca00000, 0x000000070cb00000, 0x000000070cb00000|100%| E|CS|TAMS 0x000000070ca00000, 0x000000070ca00000| Complete 
| 203|0x000000070cb00000, 0x000000070cc00000, 0x000000070cc00000|100%| E|CS|TAMS 0x000000070cb00000, 0x000000070cb00000| Complete 
| 204|0x000000070cc00000, 0x000000070cd00000, 0x000000070cd00000|100%| E|CS|TAMS 0x000000070cc00000, 0x000000070cc00000| Complete 
| 205|0x000000070cd00000, 0x000000070ce00000, 0x000000070ce00000|100%| E|CS|TAMS 0x000000070cd00000, 0x000000070cd00000| Complete 
| 206|0x000000070ce00000, 0x000000070cf00000, 0x000000070cf00000|100%| E|CS|TAMS 0x000000070ce00000, 0x000000070ce00000| Complete 
| 207|0x000000070cf00000, 0x000000070d000000, 0x000000070d000000|100%| E|CS|TAMS 0x000000070cf00000, 0x000000070cf00000| Complete 
| 208|0x000000070d000000, 0x000000070d100000, 0x000000070d100000|100%| E|CS|TAMS 0x000000070d000000, 0x000000070d000000| Complete 
| 209|0x000000070d100000, 0x000000070d200000, 0x000000070d200000|100%| E|CS|TAMS 0x000000070d100000, 0x000000070d100000| Complete 
| 210|0x000000070d200000, 0x000000070d300000, 0x000000070d300000|100%| E|CS|TAMS 0x000000070d200000, 0x000000070d200000| Complete 
| 211|0x000000070d300000, 0x000000070d400000, 0x000000070d400000|100%| E|CS|TAMS 0x000000070d300000, 0x000000070d300000| Complete 
| 212|0x000000070d400000, 0x000000070d500000, 0x000000070d500000|100%| E|CS|TAMS 0x000000070d400000, 0x000000070d400000| Complete 
| 213|0x000000070d500000, 0x000000070d600000, 0x000000070d600000|100%| E|CS|TAMS 0x000000070d500000, 0x000000070d500000| Complete 
| 214|0x000000070d600000, 0x000000070d700000, 0x000000070d700000|100%| E|CS|TAMS 0x000000070d600000, 0x000000070d600000| Complete 
| 215|0x000000070d700000, 0x000000070d800000, 0x000000070d800000|100%| E|CS|TAMS 0x000000070d700000, 0x000000070d700000| Complete 
| 216|0x000000070d800000, 0x000000070d900000, 0x000000070d900000|100%| E|CS|TAMS 0x000000070d800000, 0x000000070d800000| Complete 
| 217|0x000000070d900000, 0x000000070da00000, 0x000000070da00000|100%| E|CS|TAMS 0x000000070d900000, 0x000000070d900000| Complete 
| 218|0x000000070da00000, 0x000000070db00000, 0x000000070db00000|100%| E|CS|TAMS 0x000000070da00000, 0x000000070da00000| Complete 
| 219|0x000000070db00000, 0x000000070dc00000, 0x000000070dc00000|100%| E|CS|TAMS 0x000000070db00000, 0x000000070db00000| Complete 
| 220|0x000000070dc00000, 0x000000070dd00000, 0x000000070dd00000|100%| E|CS|TAMS 0x000000070dc00000, 0x000000070dc00000| Complete 
| 221|0x000000070dd00000, 0x000000070de00000, 0x000000070de00000|100%| E|CS|TAMS 0x000000070dd00000, 0x000000070dd00000| Complete 
| 222|0x000000070de00000, 0x000000070df00000, 0x000000070df00000|100%| E|CS|TAMS 0x000000070de00000, 0x000000070de00000| Complete 
| 223|0x000000070df00000, 0x000000070e000000, 0x000000070e000000|100%| E|CS|TAMS 0x000000070df00000, 0x000000070df00000| Complete 
| 224|0x000000070e000000, 0x000000070e100000, 0x000000070e100000|100%| E|CS|TAMS 0x000000070e000000, 0x000000070e000000| Complete 
| 225|0x000000070e100000, 0x000000070e200000, 0x000000070e200000|100%| E|CS|TAMS 0x000000070e100000, 0x000000070e100000| Complete 
| 226|0x000000070e200000, 0x000000070e300000, 0x000000070e300000|100%| E|CS|TAMS 0x000000070e200000, 0x000000070e200000| Complete 
| 227|0x000000070e300000, 0x000000070e400000, 0x000000070e400000|100%| E|CS|TAMS 0x000000070e300000, 0x000000070e300000| Complete 
| 228|0x000000070e400000, 0x000000070e500000, 0x000000070e500000|100%| E|CS|TAMS 0x000000070e400000, 0x000000070e400000| Complete 
| 229|0x000000070e500000, 0x000000070e600000, 0x000000070e600000|100%| E|CS|TAMS 0x000000070e500000, 0x000000070e500000| Complete 
| 230|0x000000070e600000, 0x000000070e700000, 0x000000070e700000|100%| E|CS|TAMS 0x000000070e600000, 0x000000070e600000| Complete 
| 231|0x000000070e700000, 0x000000070e800000, 0x000000070e800000|100%| E|CS|TAMS 0x000000070e700000, 0x000000070e700000| Complete 
| 232|0x000000070e800000, 0x000000070e900000, 0x000000070e900000|100%| E|CS|TAMS 0x000000070e800000, 0x000000070e800000| Complete 
| 233|0x000000070e900000, 0x000000070ea00000, 0x000000070ea00000|100%| E|CS|TAMS 0x000000070e900000, 0x000000070e900000| Complete 
| 234|0x000000070ea00000, 0x000000070eb00000, 0x000000070eb00000|100%| E|CS|TAMS 0x000000070ea00000, 0x000000070ea00000| Complete 
| 235|0x000000070eb00000, 0x000000070ec00000, 0x000000070ec00000|100%| E|CS|TAMS 0x000000070eb00000, 0x000000070eb00000| Complete 
| 236|0x000000070ec00000, 0x000000070ed00000, 0x000000070ed00000|100%| E|CS|TAMS 0x000000070ec00000, 0x000000070ec00000| Complete 
| 237|0x000000070ed00000, 0x000000070ee00000, 0x000000070ee00000|100%| E|CS|TAMS 0x000000070ed00000, 0x000000070ed00000| Complete 
| 238|0x000000070ee00000, 0x000000070ef00000, 0x000000070ef00000|100%| E|CS|TAMS 0x000000070ee00000, 0x000000070ee00000| Complete 
| 239|0x000000070ef00000, 0x000000070f000000, 0x000000070f000000|100%| E|CS|TAMS 0x000000070ef00000, 0x000000070ef00000| Complete 
| 240|0x000000070f000000, 0x000000070f100000, 0x000000070f100000|100%| E|CS|TAMS 0x000000070f000000, 0x000000070f000000| Complete 
| 241|0x000000070f100000, 0x000000070f200000, 0x000000070f200000|100%| E|CS|TAMS 0x000000070f100000, 0x000000070f100000| Complete 
| 242|0x000000070f200000, 0x000000070f300000, 0x000000070f300000|100%| E|CS|TAMS 0x000000070f200000, 0x000000070f200000| Complete 
| 243|0x000000070f300000, 0x000000070f400000, 0x000000070f400000|100%| E|CS|TAMS 0x000000070f300000, 0x000000070f300000| Complete 
| 244|0x000000070f400000, 0x000000070f500000, 0x000000070f500000|100%| E|CS|TAMS 0x000000070f400000, 0x000000070f400000| Complete 
| 245|0x000000070f500000, 0x000000070f600000, 0x000000070f600000|100%| E|CS|TAMS 0x000000070f500000, 0x000000070f500000| Complete 
| 246|0x000000070f600000, 0x000000070f700000, 0x000000070f700000|100%| E|CS|TAMS 0x000000070f600000, 0x000000070f600000| Complete 
| 247|0x000000070f700000, 0x000000070f800000, 0x000000070f800000|100%| E|CS|TAMS 0x000000070f700000, 0x000000070f700000| Complete 
| 248|0x000000070f800000, 0x000000070f900000, 0x000000070f900000|100%| E|CS|TAMS 0x000000070f800000, 0x000000070f800000| Complete 
| 249|0x000000070f900000, 0x000000070fa00000, 0x000000070fa00000|100%| E|CS|TAMS 0x000000070f900000, 0x000000070f900000| Complete 
| 250|0x000000070fa00000, 0x000000070fb00000, 0x000000070fb00000|100%| E|CS|TAMS 0x000000070fa00000, 0x000000070fa00000| Complete 
| 251|0x000000070fb00000, 0x000000070fc00000, 0x000000070fc00000|100%| E|CS|TAMS 0x000000070fb00000, 0x000000070fb00000| Complete 
| 252|0x000000070fc00000, 0x000000070fd00000, 0x000000070fd00000|100%| E|CS|TAMS 0x000000070fc00000, 0x000000070fc00000| Complete 
| 253|0x000000070fd00000, 0x000000070fe00000, 0x000000070fe00000|100%| E|CS|TAMS 0x000000070fd00000, 0x000000070fd00000| Complete 
| 254|0x000000070fe00000, 0x000000070ff00000, 0x000000070ff00000|100%| E|CS|TAMS 0x000000070fe00000, 0x000000070fe00000| Complete 
| 255|0x000000070ff00000, 0x0000000710000000, 0x0000000710000000|100%| E|CS|TAMS 0x000000070ff00000, 0x000000070ff00000| Complete 
| 256|0x0000000710000000, 0x0000000710100000, 0x0000000710100000|100%| E|CS|TAMS 0x0000000710000000, 0x0000000710000000| Complete 
| 257|0x0000000710100000, 0x0000000710200000, 0x0000000710200000|100%| E|CS|TAMS 0x0000000710100000, 0x0000000710100000| Complete 
| 258|0x0000000710200000, 0x0000000710300000, 0x0000000710300000|100%| E|CS|TAMS 0x0000000710200000, 0x0000000710200000| Complete 
| 259|0x0000000710300000, 0x0000000710400000, 0x0000000710400000|100%| E|CS|TAMS 0x0000000710300000, 0x0000000710300000| Complete 
| 260|0x0000000710400000, 0x0000000710500000, 0x0000000710500000|100%| E|CS|TAMS 0x0000000710400000, 0x0000000710400000| Complete 
| 261|0x0000000710500000, 0x0000000710600000, 0x0000000710600000|100%| E|CS|TAMS 0x0000000710500000, 0x0000000710500000| Complete 
| 262|0x0000000710600000, 0x0000000710700000, 0x0000000710700000|100%| E|CS|TAMS 0x0000000710600000, 0x0000000710600000| Complete 
| 263|0x0000000710700000, 0x0000000710800000, 0x0000000710800000|100%| E|CS|TAMS 0x0000000710700000, 0x0000000710700000| Complete 
| 264|0x0000000710800000, 0x0000000710900000, 0x0000000710900000|100%| E|CS|TAMS 0x0000000710800000, 0x0000000710800000| Complete 
| 265|0x0000000710900000, 0x0000000710a00000, 0x0000000710a00000|100%| E|CS|TAMS 0x0000000710900000, 0x0000000710900000| Complete 
| 266|0x0000000710a00000, 0x0000000710b00000, 0x0000000710b00000|100%| E|CS|TAMS 0x0000000710a00000, 0x0000000710a00000| Complete 
| 267|0x0000000710b00000, 0x0000000710c00000, 0x0000000710c00000|100%| E|CS|TAMS 0x0000000710b00000, 0x0000000710b00000| Complete 
| 268|0x0000000710c00000, 0x0000000710d00000, 0x0000000710d00000|100%| E|CS|TAMS 0x0000000710c00000, 0x0000000710c00000| Complete 
| 269|0x0000000710d00000, 0x0000000710e00000, 0x0000000710e00000|100%| E|CS|TAMS 0x0000000710d00000, 0x0000000710d00000| Complete 
| 270|0x0000000710e00000, 0x0000000710f00000, 0x0000000710f00000|100%| E|CS|TAMS 0x0000000710e00000, 0x0000000710e00000| Complete 
| 271|0x0000000710f00000, 0x0000000711000000, 0x0000000711000000|100%| E|CS|TAMS 0x0000000710f00000, 0x0000000710f00000| Complete 
| 272|0x0000000711000000, 0x0000000711100000, 0x0000000711100000|100%| E|CS|TAMS 0x0000000711000000, 0x0000000711000000| Complete 
| 273|0x0000000711100000, 0x0000000711200000, 0x0000000711200000|100%| E|CS|TAMS 0x0000000711100000, 0x0000000711100000| Complete 
| 274|0x0000000711200000, 0x0000000711300000, 0x0000000711300000|100%| E|CS|TAMS 0x0000000711200000, 0x0000000711200000| Complete 
| 275|0x0000000711300000, 0x0000000711400000, 0x0000000711400000|100%| E|CS|TAMS 0x0000000711300000, 0x0000000711300000| Complete 
| 276|0x0000000711400000, 0x0000000711500000, 0x0000000711500000|100%| E|CS|TAMS 0x0000000711400000, 0x0000000711400000| Complete 
| 277|0x0000000711500000, 0x0000000711600000, 0x0000000711600000|100%| E|CS|TAMS 0x0000000711500000, 0x0000000711500000| Complete 
| 278|0x0000000711600000, 0x0000000711700000, 0x0000000711700000|100%| E|CS|TAMS 0x0000000711600000, 0x0000000711600000| Complete 
| 279|0x0000000711700000, 0x0000000711800000, 0x0000000711800000|100%| E|CS|TAMS 0x0000000711700000, 0x0000000711700000| Complete 
| 280|0x0000000711800000, 0x0000000711900000, 0x0000000711900000|100%| E|CS|TAMS 0x0000000711800000, 0x0000000711800000| Complete 
| 281|0x0000000711900000, 0x0000000711a00000, 0x0000000711a00000|100%| E|CS|TAMS 0x0000000711900000, 0x0000000711900000| Complete 
| 282|0x0000000711a00000, 0x0000000711b00000, 0x0000000711b00000|100%| E|CS|TAMS 0x0000000711a00000, 0x0000000711a00000| Complete 
| 283|0x0000000711b00000, 0x0000000711c00000, 0x0000000711c00000|100%| E|CS|TAMS 0x0000000711b00000, 0x0000000711b00000| Complete 
| 284|0x0000000711c00000, 0x0000000711d00000, 0x0000000711d00000|100%| E|CS|TAMS 0x0000000711c00000, 0x0000000711c00000| Complete 
| 285|0x0000000711d00000, 0x0000000711e00000, 0x0000000711e00000|100%| E|CS|TAMS 0x0000000711d00000, 0x0000000711d00000| Complete 
| 286|0x0000000711e00000, 0x0000000711f00000, 0x0000000711f00000|100%| E|CS|TAMS 0x0000000711e00000, 0x0000000711e00000| Complete 
| 287|0x0000000711f00000, 0x0000000712000000, 0x0000000712000000|100%| E|CS|TAMS 0x0000000711f00000, 0x0000000711f00000| Complete 
| 288|0x0000000712000000, 0x0000000712100000, 0x0000000712100000|100%| E|CS|TAMS 0x0000000712000000, 0x0000000712000000| Complete 
| 289|0x0000000712100000, 0x0000000712200000, 0x0000000712200000|100%| E|CS|TAMS 0x0000000712100000, 0x0000000712100000| Complete 
| 290|0x0000000712200000, 0x0000000712300000, 0x0000000712300000|100%| E|CS|TAMS 0x0000000712200000, 0x0000000712200000| Complete 
| 291|0x0000000712300000, 0x0000000712400000, 0x0000000712400000|100%| E|CS|TAMS 0x0000000712300000, 0x0000000712300000| Complete 
| 292|0x0000000712400000, 0x0000000712500000, 0x0000000712500000|100%| E|CS|TAMS 0x0000000712400000, 0x0000000712400000| Complete 
| 293|0x0000000712500000, 0x0000000712600000, 0x0000000712600000|100%| E|CS|TAMS 0x0000000712500000, 0x0000000712500000| Complete 
| 294|0x0000000712600000, 0x0000000712700000, 0x0000000712700000|100%| E|CS|TAMS 0x0000000712600000, 0x0000000712600000| Complete 
| 295|0x0000000712700000, 0x0000000712800000, 0x0000000712800000|100%| E|CS|TAMS 0x0000000712700000, 0x0000000712700000| Complete 
| 296|0x0000000712800000, 0x0000000712900000, 0x0000000712900000|100%| E|CS|TAMS 0x0000000712800000, 0x0000000712800000| Complete 
| 297|0x0000000712900000, 0x0000000712a00000, 0x0000000712a00000|100%| E|CS|TAMS 0x0000000712900000, 0x0000000712900000| Complete 
| 298|0x0000000712a00000, 0x0000000712b00000, 0x0000000712b00000|100%| E|CS|TAMS 0x0000000712a00000, 0x0000000712a00000| Complete 
| 299|0x0000000712b00000, 0x0000000712c00000, 0x0000000712c00000|100%| E|CS|TAMS 0x0000000712b00000, 0x0000000712b00000| Complete 
| 300|0x0000000712c00000, 0x0000000712d00000, 0x0000000712d00000|100%| E|CS|TAMS 0x0000000712c00000, 0x0000000712c00000| Complete 
| 301|0x0000000712d00000, 0x0000000712e00000, 0x0000000712e00000|100%| E|CS|TAMS 0x0000000712d00000, 0x0000000712d00000| Complete 
| 302|0x0000000712e00000, 0x0000000712f00000, 0x0000000712f00000|100%| E|CS|TAMS 0x0000000712e00000, 0x0000000712e00000| Complete 
| 303|0x0000000712f00000, 0x0000000713000000, 0x0000000713000000|100%| E|CS|TAMS 0x0000000712f00000, 0x0000000712f00000| Complete 
| 304|0x0000000713000000, 0x0000000713100000, 0x0000000713100000|100%| E|CS|TAMS 0x0000000713000000, 0x0000000713000000| Complete 
| 305|0x0000000713100000, 0x0000000713200000, 0x0000000713200000|100%| E|CS|TAMS 0x0000000713100000, 0x0000000713100000| Complete 
| 306|0x0000000713200000, 0x0000000713300000, 0x0000000713300000|100%| E|CS|TAMS 0x0000000713200000, 0x0000000713200000| Complete 
| 307|0x0000000713300000, 0x0000000713400000, 0x0000000713400000|100%| E|CS|TAMS 0x0000000713300000, 0x0000000713300000| Complete 
| 308|0x0000000713400000, 0x0000000713500000, 0x0000000713500000|100%| E|CS|TAMS 0x0000000713400000, 0x0000000713400000| Complete 
| 309|0x0000000713500000, 0x0000000713600000, 0x0000000713600000|100%| E|CS|TAMS 0x0000000713500000, 0x0000000713500000| Complete 

Card table byte_map: [0x00000205fa850000,0x00000205fb050000] _byte_map_base: 0x00000205f7050000

Marking Bits (Prev, Next): (CMBitMap*) 0x00000205f9fa08e8, (CMBitMap*) 0x00000205f9fa0920
 Prev Bits: [0x00000205fb850000, 0x00000205ff850000)
 Next Bits: [0x00000205965d0000, 0x000002059a5d0000)

Polling page: 0x00000205f7d90000

Metaspace:

Usage:
  Non-class:     50.74 MB capacity,    49.70 MB ( 98%) used,   843.35 KB (  2%) free+waste,   214.88 KB ( <1%) overhead. 
      Class:      7.95 MB capacity,     7.26 MB ( 91%) used,   604.38 KB (  7%) free+waste,   106.13 KB (  1%) overhead. 
       Both:     58.69 MB capacity,    56.96 MB ( 97%) used,     1.41 MB (  2%) free+waste,   321.00 KB ( <1%) overhead. 

Virtual space:
  Non-class space:       52.00 MB reserved,      50.75 MB ( 98%) committed 
      Class space:        1.00 GB reserved,       8.00 MB ( <1%) committed 
             Both:        1.05 GB reserved,      58.75 MB (  5%) committed 

Chunk freelists:
   Non-Class:  1.75 KB
       Class:  0 bytes
        Both:  1.75 KB

CodeHeap 'non-profiled nmethods': size=120064Kb used=4776Kb max_used=4776Kb free=115287Kb
 bounds [0x000002058f090000, 0x000002058f540000, 0x00000205965d0000]
CodeHeap 'profiled nmethods': size=120000Kb used=13389Kb max_used=13389Kb free=106610Kb
 bounds [0x0000020587b60000, 0x0000020588880000, 0x000002058f090000]
CodeHeap 'non-nmethods': size=5696Kb used=1187Kb max_used=1258Kb free=4508Kb
 bounds [0x00000205875d0000, 0x0000020587840000, 0x0000020587b60000]
 total_blobs=6174 nmethods=5643 adapters=442
 compilation: enabled
              stopped_count=0, restarted_count=0
 full_count=0

Compilation events (10 events):
Event: 11.845 Thread 0x000002059cf18800 5690       3       org.springframework.expression.spel.standard.InternalSpelExpressionParser::peekToken (30 bytes)
Event: 11.846 Thread 0x000002059cf18800 nmethod 5690 0x000002058886ee90 code [0x000002058886f040, 0x000002058886f368]
Event: 11.848 Thread 0x000002059cf18800 5692       3       org.springframework.core.OrderComparator::getOrder (111 bytes)
Event: 11.849 Thread 0x000002059cf18800 nmethod 5692 0x000002058886f490 code [0x000002058886f6c0, 0x000002058886fe38]
Event: 11.849 Thread 0x000002059cf18800 5693       3       java.util.Date::getTime (5 bytes)
Event: 11.849 Thread 0x000002059cf18800 nmethod 5693 0x0000020588870110 code [0x00000205888702c0, 0x0000020588870588]
Event: 11.855 Thread 0x000002059cf18800 5694       3       java.lang.invoke.MethodHandles$Lookup::linkMethodHandleConstant (220 bytes)
Event: 11.857 Thread 0x000002059cf18800 nmethod 5694 0x0000020588870690 code [0x0000020588870a60, 0x00000205888727f8]
Event: 11.857 Thread 0x000002059cf18800 5695       3       java.lang.String::hashCode (49 bytes)
Event: 11.858 Thread 0x000002059cf18800 nmethod 5695 0x0000020588873090 code [0x0000020588873260, 0x0000020588873668]

GC Heap History (10 events):
Event: 2.783 GC heap before
{Heap before GC invocations=3 (full 0):
 garbage-first heap   total 262144K, used 43386K [0x0000000700000000, 0x0000000800000000)
  region size 1024K, 36 young (36864K), 2 survivors (2048K)
 Metaspace       used 19740K, capacity 20224K, committed 20352K, reserved 1067008K
  class space    used 2192K, capacity 2405K, committed 2432K, reserved 1048576K
}
Event: 2.787 GC heap after
{Heap after GC invocations=4 (full 0):
 garbage-first heap   total 262144K, used 11019K [0x0000000700000000, 0x0000000800000000)
  region size 1024K, 3 young (3072K), 3 survivors (3072K)
 Metaspace       used 19740K, capacity 20224K, committed 20352K, reserved 1067008K
  class space    used 2192K, capacity 2405K, committed 2432K, reserved 1048576K
}
Event: 2.905 GC heap before
{Heap before GC invocations=4 (full 0):
 garbage-first heap   total 262144K, used 20235K [0x0000000700000000, 0x0000000800000000)
  region size 1024K, 13 young (13312K), 3 survivors (3072K)
 Metaspace       used 20692K, capacity 21155K, committed 21248K, reserved 1069056K
  class space    used 2324K, capacity 2520K, committed 2560K, reserved 1048576K
}
Event: 2.909 GC heap after
{Heap after GC invocations=5 (full 0):
 garbage-first heap   total 262144K, used 11406K [0x0000000700000000, 0x0000000800000000)
  region size 1024K, 3 young (3072K), 3 survivors (3072K)
 Metaspace       used 20692K, capacity 21155K, committed 21248K, reserved 1069056K
  class space    used 2324K, capacity 2520K, committed 2560K, reserved 1048576K
}
Event: 4.071 GC heap before
{Heap before GC invocations=6 (full 0):
 garbage-first heap   total 262144K, used 105614K [0x0000000700000000, 0x0000000800000000)
  region size 1024K, 95 young (97280K), 3 survivors (3072K)
 Metaspace       used 29784K, capacity 30509K, committed 30720K, reserved 1077248K
  class space    used 3478K, capacity 3765K, committed 3840K, reserved 1048576K
}
Event: 4.078 GC heap after
{Heap after GC invocations=7 (full 0):
 garbage-first heap   total 262144K, used 14668K [0x0000000700000000, 0x0000000800000000)
  region size 1024K, 7 young (7168K), 7 survivors (7168K)
 Metaspace       used 29784K, capacity 30509K, committed 30720K, reserved 1077248K
  class space    used 3478K, capacity 3765K, committed 3840K, reserved 1048576K
}
Event: 5.470 GC heap before
{Heap before GC invocations=7 (full 0):
 garbage-first heap   total 262144K, used 116044K [0x0000000700000000, 0x0000000800000000)
  region size 1024K, 107 young (109568K), 7 survivors (7168K)
 Metaspace       used 34992K, capacity 35771K, committed 35840K, reserved 1081344K
  class space    used 4169K, capacity 4539K, committed 4608K, reserved 1048576K
}
Event: 5.480 GC heap after
{Heap after GC invocations=8 (full 0):
 garbage-first heap   total 262144K, used 17356K [0x0000000700000000, 0x0000000800000000)
  region size 1024K, 9 young (9216K), 9 survivors (9216K)
 Metaspace       used 34992K, capacity 35771K, committed 35840K, reserved 1081344K
  class space    used 4169K, capacity 4539K, committed 4608K, reserved 1048576K
}
Event: 8.813 GC heap before
{Heap before GC invocations=9 (full 0):
 garbage-first heap   total 262144K, used 178124K [0x0000000700000000, 0x0000000800000000)
  region size 1024K, 153 young (156672K), 9 survivors (9216K)
 Metaspace       used 47191K, capacity 48521K, committed 48640K, reserved 1091584K
  class space    used 5821K, capacity 6386K, committed 6400K, reserved 1048576K
}
Event: 8.843 GC heap after
{Heap after GC invocations=10 (full 0):
 garbage-first heap   total 317440K, used 26826K [0x0000000700000000, 0x0000000800000000)
  region size 1024K, 18 young (18432K), 18 survivors (18432K)
 Metaspace       used 47191K, capacity 48521K, committed 48640K, reserved 1091584K
  class space    used 5821K, capacity 6386K, committed 6400K, reserved 1048576K
}

Deoptimization events (10 events):
Event: 11.311 Thread 0x000002059dcd4000 Uncommon trap: reason=unstable_if action=reinterpret pc=0x000002058f4369d8 method=sun.reflect.annotation.AnnotationInvocationHandler.invoke(Ljava/lang/Object;Ljava/lang/reflect/Method;[Ljava/lang/Object;)Ljava/lang/Object; @ 64 c2
Event: 11.353 Thread 0x000002059dcd4000 Uncommon trap: reason=bimorphic_or_optimized_type_check action=maybe_recompile pc=0x000002058f4edb84 method=java.util.concurrent.ConcurrentHashMap.putVal(Ljava/lang/Object;Ljava/lang/Object;Z)Ljava/lang/Object; @ 242 c2
Event: 11.363 Thread 0x000002059dcd4000 Uncommon trap: reason=bimorphic_or_optimized_type_check action=maybe_recompile pc=0x000002058f4edb84 method=java.util.concurrent.ConcurrentHashMap.putVal(Ljava/lang/Object;Ljava/lang/Object;Z)Ljava/lang/Object; @ 242 c2
Event: 11.364 Thread 0x000002059dcd4000 Uncommon trap: reason=unstable_if action=reinterpret pc=0x000002058f3fba94 method=org.springframework.aop.framework.autoproxy.AbstractAutoProxyCreator.predictBeanType(Ljava/lang/Class;Ljava/lang/String;)Ljava/lang/Class; @ 9 c2
Event: 11.364 Thread 0x000002059dcd4000 Uncommon trap: reason=unstable_if action=reinterpret pc=0x000002058f3fa210 method=org.springframework.aop.framework.autoproxy.AbstractAutoProxyCreator.predictBeanType(Ljava/lang/Class;Ljava/lang/String;)Ljava/lang/Class; @ 9 c2
Event: 11.468 Thread 0x000002059dcd4000 Uncommon trap: reason=class_check action=maybe_recompile pc=0x000002058f4ed9d0 method=java.util.concurrent.ConcurrentHashMap.putVal(Ljava/lang/Object;Ljava/lang/Object;Z)Ljava/lang/Object; @ 159 c2
Event: 11.468 Thread 0x000002059dcd4000 Uncommon trap: reason=class_check action=maybe_recompile pc=0x000002058f4ed9d0 method=java.util.concurrent.ConcurrentHashMap.putVal(Ljava/lang/Object;Ljava/lang/Object;Z)Ljava/lang/Object; @ 159 c2
Event: 11.507 Thread 0x000002059dcd4000 Uncommon trap: reason=class_check action=maybe_recompile pc=0x000002058f51e930 method=org.springframework.core.ResolvableType.calculateHashCode()I @ 23 c2
Event: 11.535 Thread 0x000002059dcd4000 Uncommon trap: reason=unstable_if action=reinterpret pc=0x000002058f17d088 method=org.springframework.util.ObjectUtils.nullSafeEquals(Ljava/lang/Object;Ljava/lang/Object;)Z @ 12 c2
Event: 11.857 Thread 0x000002059dcd4000 Uncommon trap: reason=unstable_if action=reinterpret pc=0x000002058f0bd528 method=java.lang.String.hashCode()I @ 22 c2

Classes redefined (0 events):
No events

Internal exceptions (10 events):
Event: 10.612 Thread 0x000002059dcd4000 Exception <a 'java/lang/ClassNotFoundException'{0x000000070e1d0660}: org/springframework/beans/factory/BeanFactoryAwareCustomizer> (0x000000070e1d0660) thrown at [./open/src/hotspot/share/classfile/systemDictionary.cpp, line 226]
Event: 10.613 Thread 0x000002059dcd4000 Exception <a 'java/lang/ClassNotFoundException'{0x000000070e1e4f88}: org/springframework/beans/factory/AwareCustomizer> (0x000000070e1e4f88) thrown at [./open/src/hotspot/share/classfile/systemDictionary.cpp, line 226]
Event: 10.613 Thread 0x000002059dcd4000 Exception <a 'java/lang/ClassNotFoundException'{0x000000070e1fb530}: org/springframework/aop/framework/AopInfrastructureBeanCustomizer> (0x000000070e1fb530) thrown at [./open/src/hotspot/share/classfile/systemDictionary.cpp, line 226]
Event: 11.504 Thread 0x000002059dcd4000 Exception <a 'java/lang/ClassNotFoundException'{0x000000070c539e68}: java/lang/ObjectCustomizer> (0x000000070c539e68) thrown at [./open/src/hotspot/share/classfile/systemDictionary.cpp, line 226]
Event: 11.505 Thread 0x000002059dcd4000 Exception <a 'java/lang/ClassNotFoundException'{0x000000070c55a588}: org/springframework/security/config/annotation/web/configuration/WebSecurityConfigurationCustomizer> (0x000000070c55a588) thrown at [./open/src/hotspot/share/classfile/systemDictionary.c
Event: 11.506 Thread 0x000002059dcd4000 Exception <a 'java/lang/ClassNotFoundException'{0x000000070c578c20}: org/springframework/context/annotation/ImportAwareCustomizer> (0x000000070c578c20) thrown at [./open/src/hotspot/share/classfile/systemDictionary.cpp, line 226]
Event: 11.506 Thread 0x000002059dcd4000 Exception <a 'java/lang/ClassNotFoundException'{0x000000070c58cfd0}: org/springframework/beans/factory/AwareCustomizer> (0x000000070c58cfd0) thrown at [./open/src/hotspot/share/classfile/systemDictionary.cpp, line 226]
Event: 11.506 Thread 0x000002059dcd4000 Exception <a 'java/lang/ClassNotFoundException'{0x000000070c5a3270}: org/springframework/beans/factory/BeanClassLoaderAwareCustomizer> (0x000000070c5a3270) thrown at [./open/src/hotspot/share/classfile/systemDictionary.cpp, line 226]
Event: 11.506 Thread 0x000002059dcd4000 Exception <a 'java/lang/ClassNotFoundException'{0x000000070c5b73f0}: org/springframework/beans/factory/AwareCustomizer> (0x000000070c5b73f0) thrown at [./open/src/hotspot/share/classfile/systemDictionary.cpp, line 226]
Event: 11.535 Thread 0x000002059dcd4000 Implicit null exception at 0x000002058f17cfbd to 0x000002058f17d076

Events (10 events):
Event: 11.854 loading class org/springframework/security/web/firewall/StrictHttpFirewall$StrictFirewalledRequest
Event: 11.854 loading class org/springframework/security/web/firewall/StrictHttpFirewall$StrictFirewalledRequest done
Event: 11.857 Thread 0x000002059dcd4000 Uncommon trap: trap_request=0xffffff4d fr.pc=0x000002058f0bd528 relative=0x0000000000000208
Event: 11.857 Thread 0x000002059dcd4000 DEOPT PACKING pc=0x000002058f0bd528 sp=0x00000033cc2fcf20
Event: 11.857 Thread 0x000002059dcd4000 DEOPT UNPACKING pc=0x00000205875f68af sp=0x00000033cc2fcea8 mode 2
Event: 11.857 loading class org/springframework/security/web/firewall/DefaultRequestRejectedHandler
Event: 11.857 loading class org/springframework/security/web/firewall/DefaultRequestRejectedHandler done
Event: 11.859 loading class org/springframework/security/web/servlet/support/csrf/CsrfRequestDataValueProcessor
Event: 11.859 loading class org/springframework/security/web/servlet/support/csrf/CsrfRequestDataValueProcessor done
Event: 11.859 Executing VM operation: CollectForMetadataAllocation


Dynamic libraries:
0x00007ff7cd8a0000 - 0x00007ff7cd8af000 	C:\Program Files\Java\jdk-11.0.16.1\bin\javaw.exe
0x00007ffe2d270000 - 0x00007ffe2d468000 	C:\Windows\SYSTEM32\ntdll.dll
0x00007ffe2bf80000 - 0x00007ffe2c03d000 	C:\Windows\System32\KERNEL32.DLL
0x00007ffe2aac0000 - 0x00007ffe2ad92000 	C:\Windows\System32\KERNELBASE.dll
0x00007ffe2ada0000 - 0x00007ffe2aea0000 	C:\Windows\System32\ucrtbase.dll
0x00007ffe20d90000 - 0x00007ffe20da8000 	C:\Program Files\Java\jdk-11.0.16.1\bin\jli.dll
0x00007ffe2c570000 - 0x00007ffe2c61e000 	C:\Windows\System32\ADVAPI32.dll
0x00007ffe2c210000 - 0x00007ffe2c2ae000 	C:\Windows\System32\msvcrt.dll
0x00007ffe2b330000 - 0x00007ffe2b3cc000 	C:\Windows\System32\sechost.dll
0x00007ffe2baf0000 - 0x00007ffe2bc15000 	C:\Windows\System32\RPCRT4.dll
0x00007ffe2c650000 - 0x00007ffe2c7ed000 	C:\Windows\System32\USER32.dll
0x00007ffe2b1f0000 - 0x00007ffe2b212000 	C:\Windows\System32\win32u.dll
0x00007ffe2c620000 - 0x00007ffe2c64b000 	C:\Windows\System32\GDI32.dll
0x00007ffe2b0e0000 - 0x00007ffe2b1ef000 	C:\Windows\System32\gdi32full.dll
0x00007ffe2a9b0000 - 0x00007ffe2aa4d000 	C:\Windows\System32\msvcp_win.dll
0x00007ffe20d70000 - 0x00007ffe20d85000 	C:\Program Files\Java\jdk-11.0.16.1\bin\VCRUNTIME140.dll
0x00007ffe20680000 - 0x00007ffe2091a000 	C:\Windows\WinSxS\amd64_microsoft.windows.common-controls_6595b64144ccf1df_6.0.19041.1110_none_60b5254171f9507e\COMCTL32.dll
0x00007ffe22310000 - 0x00007ffe2231a000 	C:\Windows\SYSTEM32\VERSION.dll
0x00007ffe2c540000 - 0x00007ffe2c570000 	C:\Windows\System32\IMM32.DLL
0x00007ffe20cd0000 - 0x00007ffe20d6b000 	C:\Program Files\Java\jdk-11.0.16.1\bin\msvcp140.dll
0x00007ffe165c0000 - 0x00007ffe170d8000 	C:\Program Files\Java\jdk-11.0.16.1\bin\server\jvm.dll
0x00007ffe2b580000 - 0x00007ffe2b588000 	C:\Windows\System32\PSAPI.DLL
0x00007ffe1a010000 - 0x00007ffe1a019000 	C:\Windows\SYSTEM32\WSOCK32.dll
0x00007ffe2c4d0000 - 0x00007ffe2c53b000 	C:\Windows\System32\WS2_32.dll
0x00007ffe1f780000 - 0x00007ffe1f7a7000 	C:\Windows\SYSTEM32\WINMM.dll
0x00007ffe28860000 - 0x00007ffe28872000 	C:\Windows\SYSTEM32\kernel.appcore.dll
0x00007ffe20cc0000 - 0x00007ffe20cd0000 	C:\Program Files\Java\jdk-11.0.16.1\bin\verify.dll
0x00007ffe1f800000 - 0x00007ffe1f9e4000 	C:\Windows\SYSTEM32\DBGHELP.DLL
0x00007ffe1ce00000 - 0x00007ffe1ce2c000 	C:\Windows\SYSTEM32\dbgcore.DLL
0x00007ffe2aea0000 - 0x00007ffe2af22000 	C:\Windows\System32\bcryptPrimitives.dll
0x00007ffe20c90000 - 0x00007ffe20cb8000 	C:\Program Files\Java\jdk-11.0.16.1\bin\java.dll
0x00007ffe20c80000 - 0x00007ffe20c8a000 	C:\Program Files\Java\jdk-11.0.16.1\bin\jimage.dll
0x00007ffe20c60000 - 0x00007ffe20c76000 	C:\Program Files\Java\jdk-11.0.16.1\bin\zip.dll
0x00000000753a0000 - 0x0000000075403000 	C:\Windows\SYSTEM32\vmGuestLib.DLL
0x00007ffe18870000 - 0x00007ffe1887a000 	C:\Windows\system32\vsocklib.dll
0x00007ffe2c980000 - 0x00007ffe2d0c3000 	C:\Windows\System32\SHELL32.dll
0x00007ffe28a60000 - 0x00007ffe291f1000 	C:\Windows\SYSTEM32\windows.storage.dll
0x00007ffe2bc20000 - 0x00007ffe2bf74000 	C:\Windows\System32\combase.dll
0x00007ffe2a2f0000 - 0x00007ffe2a320000 	C:\Windows\SYSTEM32\Wldp.dll
0x00007ffe2d0d0000 - 0x00007ffe2d17d000 	C:\Windows\System32\SHCORE.dll
0x00007ffe2c7f0000 - 0x00007ffe2c845000 	C:\Windows\System32\shlwapi.dll
0x00007ffe2a8c0000 - 0x00007ffe2a8df000 	C:\Windows\SYSTEM32\profapi.dll
0x00007ffe201c0000 - 0x00007ffe201d9000 	C:\Program Files\Java\jdk-11.0.16.1\bin\net.dll
0x00007ffe21fb0000 - 0x00007ffe220bd000 	C:\Windows\SYSTEM32\WINHTTP.dll
0x00007ffe2a060000 - 0x00007ffe2a0ca000 	C:\Windows\system32\mswsock.dll
0x00007ffe20160000 - 0x00007ffe20172000 	C:\Program Files\Java\jdk-11.0.16.1\bin\nio.dll
0x00007ffe12af0000 - 0x00007ffe12af9000 	C:\Program Files\Java\jdk-11.0.16.1\bin\management.dll
0x00007ffe12ae0000 - 0x00007ffe12aeb000 	C:\Program Files\Java\jdk-11.0.16.1\bin\management_ext.dll
0x00007ffe29d50000 - 0x00007ffe29d8b000 	C:\Windows\SYSTEM32\IPHLPAPI.DLL
0x00007ffe2c440000 - 0x00007ffe2c448000 	C:\Windows\System32\NSI.dll
0x00007ffe22cb0000 - 0x00007ffe22cc7000 	C:\Windows\SYSTEM32\dhcpcsvc6.DLL
0x00007ffe22c90000 - 0x00007ffe22cad000 	C:\Windows\SYSTEM32\dhcpcsvc.DLL
0x00007ffe29d90000 - 0x00007ffe29e5a000 	C:\Windows\SYSTEM32\DNSAPI.dll
0x00007ffe192e0000 - 0x00007ffe192f7000 	C:\Windows\system32\napinsp.dll
0x00007ffe192c0000 - 0x00007ffe192db000 	C:\Windows\system32\pnrpnsp.dll
0x00007ffe192a0000 - 0x00007ffe192b5000 	C:\Windows\system32\wshbth.dll
0x00007ffe26320000 - 0x00007ffe2633d000 	C:\Windows\system32\NLAapi.dll
0x00007ffe19280000 - 0x00007ffe19292000 	C:\Windows\System32\winrnr.dll
0x00007ffe21440000 - 0x00007ffe2144a000 	C:\Windows\System32\rasadhlp.dll
0x00007ffe221c0000 - 0x00007ffe22240000 	C:\Windows\System32\fwpuclnt.dll
0x00007ffe2a980000 - 0x00007ffe2a9a7000 	C:\Windows\System32\bcrypt.dll
0x00007ffe2a250000 - 0x00007ffe2a268000 	C:\Windows\SYSTEM32\CRYPTSP.dll
0x00007ffe29980000 - 0x00007ffe299b4000 	C:\Windows\system32\rsaenh.dll
0x00007ffe2a880000 - 0x00007ffe2a8ae000 	C:\Windows\SYSTEM32\USERENV.dll
0x00007ffe2a710000 - 0x00007ffe2a71c000 	C:\Windows\SYSTEM32\CRYPTBASE.dll
0x00007ffe12990000 - 0x00007ffe129b5000 	C:\Program Files\Java\jdk-11.0.16.1\bin\sunec.dll
0x00007ffe16450000 - 0x00007ffe1645d000 	C:\Program Files\Java\jdk-11.0.16.1\bin\sunmscapi.dll
0x00007ffe2af80000 - 0x00007ffe2b0d6000 	C:\Windows\System32\CRYPT32.dll
0x00007ffe2a360000 - 0x00007ffe2a387000 	C:\Windows\SYSTEM32\ncrypt.dll
0x00007ffe2a320000 - 0x00007ffe2a35b000 	C:\Windows\SYSTEM32\NTASN1.dll

dbghelp: loaded successfully - version: 4.0.5 - missing functions: none
symbol engine: initialized successfully - sym options: 0x614 - pdb path: .;C:\Program Files\Java\jdk-11.0.16.1\bin;C:\Windows\SYSTEM32;C:\Windows\WinSxS\amd64_microsoft.windows.common-controls_6595b64144ccf1df_6.0.19041.1110_none_60b5254171f9507e;C:\Program Files\Java\jdk-11.0.16.1\bin\server

VM Arguments:
jvm_args: -Dfile.encoding=UTF-8 
java_command: online.blog.app.SprinngbotRestApiApplication
java_class_path (initial): D:\MyFiles\blog-api-write\target\classes;C:\Users\Administrator\.m2\repository\org\springframework\boot\spring-boot-starter-web\2.7.5\spring-boot-starter-web-2.7.5.jar;C:\Users\Administrator\.m2\repository\org\springframework\boot\spring-boot-starter\2.7.5\spring-boot-starter-2.7.5.jar;C:\Users\Administrator\.m2\repository\org\springframework\boot\spring-boot-starter-logging\2.7.5\spring-boot-starter-logging-2.7.5.jar;C:\Users\Administrator\.m2\repository\ch\qos\logback\logback-classic\1.2.11\logback-classic-1.2.11.jar;C:\Users\Administrator\.m2\repository\ch\qos\logback\logback-core\1.2.11\logback-core-1.2.11.jar;C:\Users\Administrator\.m2\repository\org\apache\logging\log4j\log4j-to-slf4j\2.17.2\log4j-to-slf4j-2.17.2.jar;C:\Users\Administrator\.m2\repository\org\apache\logging\log4j\log4j-api\2.17.2\log4j-api-2.17.2.jar;C:\Users\Administrator\.m2\repository\org\slf4j\jul-to-slf4j\1.7.36\jul-to-slf4j-1.7.36.jar;C:\Users\Administrator\.m2\repository\jakarta\annotation\jakarta.annotation-api\1.3.5\jakarta.annotation-api-1.3.5.jar;C:\Users\Administrator\.m2\repository\org\yaml\snakeyaml\1.30\snakeyaml-1.30.jar;C:\Users\Administrator\.m2\repository\org\springframework\boot\spring-boot-starter-json\2.7.5\spring-boot-starter-json-2.7.5.jar;C:\Users\Administrator\.m2\repository\com\fasterxml\jackson\datatype\jackson-datatype-jdk8\2.13.4\jackson-datatype-jdk8-2.13.4.jar;C:\Users\Administrator\.m2\repository\com\fasterxml\jackson\datatype\jackson-datatype-jsr310\2.13.4\jackson-datatype-jsr310-2.13.4.jar;C:\Users\Administrator\.m2\repository\com\fasterxml\jackson\module\jackson-module-parameter-names\2.13.4\jackson-module-parameter-names-2.13.4.jar;C:\Users\Administrator\.m2\repository\org\springframework\boot\spring-boot-starter-tomcat\2.7.5\spring-boot-starter-tomcat-2.7.5.jar;C:\Users\Administrator\.m2\repository\org\apache\tomcat\embed\tomcat-embed-core\9.0.68\tomcat-embed-core-9.0.68.jar;C:\Users\Administrator\.m2\repository\org\apache\tomca
Launcher Type: SUN_STANDARD

[Global flags]
     intx CICompilerCount                          = 3                                         {product} {ergonomic}
     uint ConcGCThreads                            = 1                                         {product} {ergonomic}
     uint G1ConcRefinementThreads                  = 4                                         {product} {ergonomic}
   size_t G1HeapRegionSize                         = 1048576                                   {product} {ergonomic}
    uintx GCDrainStackTargetSize                   = 64                                        {product} {ergonomic}
   size_t InitialHeapSize                          = 268435456                                 {product} {ergonomic}
   size_t MarkStackSize                            = 4194304                                   {product} {ergonomic}
   size_t MaxHeapSize                              = 4294967296                                {product} {ergonomic}
   size_t MaxNewSize                               = 2576351232                                {product} {ergonomic}
   size_t MinHeapDeltaBytes                        = 1048576                                   {product} {ergonomic}
    uintx NonNMethodCodeHeapSize                   = 5830732                                {pd product} {ergonomic}
    uintx NonProfiledCodeHeapSize                  = 122913754                              {pd product} {ergonomic}
    uintx ProfiledCodeHeapSize                     = 122913754                              {pd product} {ergonomic}
    uintx ReservedCodeCacheSize                    = 251658240                              {pd product} {ergonomic}
     bool SegmentedCodeCache                       = true                                      {product} {ergonomic}
     bool UseCompressedClassPointers               = true                                 {lp64_product} {ergonomic}
     bool UseCompressedOops                        = true                                 {lp64_product} {ergonomic}
     bool UseG1GC                                  = true                                      {product} {ergonomic}
     bool UseLargePagesIndividualAllocation        = false                                  {pd product} {ergonomic}

Logging:
Log output configuration:
 #0: stdout all=warning uptime,level,tags
 #1: stderr all=off uptime,level,tags

Environment Variables:
PATH=C:/Program Files/Java/jdk-11.0.16.1/bin/server;C:/Program Files/Java/jdk-11.0.16.1/bin;C:\Program Files\Java\jdk-11.0.16.1\bin;C:\Program Files\Common Files\Oracle\Java\javapath;C:\Program Files\Python310\Scripts\;C:\Program Files\Python310\;C:\Program Files (x86)\Microsoft SDKs\Azure\CLI2\wbin;C:\Windows\system32;C:\Windows;C:\Windows\System32\Wbem;C:\Windows\System32\WindowsPowerShell\v1.0\;C:\Windows\System32\OpenSSH\;C:\Program Files\Git\cmd;C:\apache-maven-3.8.3\bin;C:\Program Files\Amazon\AWSCLIV2\;C:\sonarqube-9.1.0.47736\bin;C:\Kubectl;C:\ProgramData\chocolatey\bin;C:\Terraform;C:\Program Files\Microsoft VS Code\bin;C:\Program Files\nodejs\;C:\Program Files\Cloud Foundry;C:\Program Files (x86)\Groovy\bin;C:\kafka_2.12-3.2.3\bin;C:\Helm;C:\apache-jmeter-5.4.1\bin;C:\phantomjs-2.1.1-windows\bin;C:\Users\Administrator\bin\Sencha\Cmd;C:\Program Files\MySQL\MySQL Shell 8.0\bin\;C:\Users\Administrator\AppData\Local\Microsoft\WindowsApps;C:\Program Files\Docker Toolbox;C:\Users\Administrator\AppData\Roaming\npm;C:\Program Files\JetBrains\IntelliJ IDEA Community Edition 2018.3.6\bin;;C:\Users\Administrator\AppData\Local\Google\Cloud SDK\google-cloud-sdk\bin;C:\Windows\system32;
USERNAME=Administrator
OS=Windows_NT
PROCESSOR_IDENTIFIER=Intel64 Family 6 Model 85 Stepping 4, GenuineIntel



---------------  S Y S T E M  ---------------

OS: Windows 10 , 64 bit Build 19041 (10.0.19041.1889)
VMWare virtualization detected
vSphere host information:
host.cpu.processorMHz = 2095
host.cpu.coresPerPkg = 20

vSphere resource information collected at VM startup:
vm.cpu.reserved = 0
vm.cpu.limit = -1
vm.cpu.used = 17837600866
vm.cpu.contention.cpu = 16266839
vm.cpu.contention.mem = 53913084
vm.numa.local = 16767820
vm.numa.remote = 9396
guest.mem.reserved = 0
guest.mem.limit = -1
guest.mem.mapped = 16777216
guest.mem.consumed = 16737432
guest.mem.swapped = 0
guest.mem.ballooned = 0
guest.mem.swapIn = 0
guest.mem.swapOut = 0
ovhd.mem.swapped = 0
ovhd.mem.swapIn = 0
ovhd.mem.swapOut = 0

vSphere resource information available now:
vm.cpu.reserved = 0
vm.cpu.limit = -1
vm.cpu.used = 17917623890
vm.cpu.contention.cpu = 16316610
vm.cpu.contention.mem = 53913084
vm.numa.local = 16767820
vm.numa.remote = 9396
guest.mem.reserved = 0
guest.mem.limit = -1
guest.mem.mapped = 16777216
guest.mem.consumed = 16737440
guest.mem.swapped = 0
guest.mem.ballooned = 0
guest.mem.swapIn = 0
guest.mem.swapOut = 0
ovhd.mem.swapped = 0
ovhd.mem.swapIn = 0
ovhd.mem.swapOut = 0


CPU:total 4 (initial active 4) (2 cores per cpu, 1 threads per core) family 6 model 85 stepping 4 microcode 0x2006d05, cmov, cx8, fxsr, mmx, sse, sse2, sse3, ssse3, sse4.1, sse4.2, popcnt, avx, avx2, aes, clmul, erms, 3dnowpref, lzcnt, tsc, tscinvbit, bmi1, bmi2, adx, fma

Memory: 4k page, system-wide physical 16382M (351M free)
TotalPageFile size 35505M (AvailPageFile size 6M)
current process WorkingSet (physical memory assigned to process): 458M, peak: 463M
current process commit charge ("private bytes"): 567M, peak: 569M

vm_info: Java HotSpot(TM) 64-Bit Server VM (11.0.16.1+1-LTS-1) for windows-amd64 JRE (11.0.16.1+1-LTS-1), built on Aug 16 2022 01:46:01 by "mach5one" with MS VC++ 15.9 (VS2017)

END.
